e:\nxacs full\1 - nxacs-anticheat-source\pearl guard\n3transform.obj
e:\nxacs full\1 - nxacs-anticheat-source\pearl guard\n3uiscrollbar.obj
e:\nxacs full\1 - nxacs-anticheat-source\pearl guard\connection_win.obj
e:\nxacs full\1 - nxacs-anticheat-source\pearl guard\n3basefileaccess.obj
e:\nxacs full\1 - nxacs-anticheat-source\pearl guard\n3uilist.obj
e:\nxacs full\1 - nxacs-anticheat-source\pearl guard\merchantinvslot.obj
e:\nxacs full\1 - nxacs-anticheat-source\pearl guard\n3uitooltip.obj
e:\nxacs full\1 - nxacs-anticheat-source\pearl guard\n3alphaprimitivemanager.obj
e:\nxacs full\1 - nxacs-anticheat-source\pearl guard\n3uiedit.obj
e:\nxacs full\1 - nxacs-anticheat-source\pearl guard\n3uiarea.obj
e:\nxacs full\1 - nxacs-anticheat-source\pearl guard\n3uiimage.obj
e:\nxacs full\1 - nxacs-anticheat-source\pearl guard\rpc_connection.obj
e:\nxacs full\1 - nxacs-anticheat-source\pearl guard\merchantslot.obj
e:\nxacs full\1 - nxacs-anticheat-source\pearl guard\n3uitrackbar.obj
e:\nxacs full\1 - nxacs-anticheat-source\pearl guard\n3uibase.obj
e:\nxacs full\1 - nxacs-anticheat-source\pearl guard\rc5.obj
e:\nxacs full\1 - nxacs-anticheat-source\pearl guard\serialization.obj
e:\nxacs full\1 - nxacs-anticheat-source\pearl guard\dfont.obj
e:\nxacs full\1 - nxacs-anticheat-source\pearl guard\n3uistring.obj
e:\nxacs full\1 - nxacs-anticheat-source\pearl guard\n3base.obj
e:\nxacs full\1 - nxacs-anticheat-source\pearl guard\n3uiprogress.obj
e:\nxacs full\1 - nxacs-anticheat-source\pearl guard\discord_rpc.obj
e:\nxacs full\1 - nxacs-anticheat-source\pearl guard\logwriter.obj
e:\nxacs full\1 - nxacs-anticheat-source\pearl guard\n3uibutton.obj
e:\nxacs full\1 - nxacs-anticheat-source\pearl guard\discord_register_win.obj
e:\nxacs full\1 - nxacs-anticheat-source\pearl guard\n3texture.obj
e:\nxacs full\1 - nxacs-anticheat-source\pearl guard\pearl.obj
e:\nxacs full\1 - nxacs-anticheat-source\pearl guard\n3animkey.obj
e:\nxacs full\1 - nxacs-anticheat-source\pearl guard\n3uistatic.obj
e:\nxacs full\1 - nxacs-anticheat-source\pearl guard\hdrreader.obj
e:\nxacs full\1 - nxacs-anticheat-source\pearl guard\merchantmanager.obj
e:\nxacs full\1 - nxacs-anticheat-source\pearl guard\support.obj
e:\nxacs full\1 - nxacs-anticheat-source\pearl guard\uigeniemain.obj
e:\nxacs full\1 - nxacs-anticheat-source\pearl guard\uiscoreboard.obj
e:\nxacs full\1 - nxacs-anticheat-source\pearl guard\dropresult.obj
e:\nxacs full\1 - nxacs-anticheat-source\pearl guard\md5.obj
e:\nxacs full\1 - nxacs-anticheat-source\pearl guard\messageboxuif.obj
e:\nxacs full\1 - nxacs-anticheat-source\pearl guard\hsearchmonsterdrop.obj
e:\nxacs full\1 - nxacs-anticheat-source\pearl guard\texts.obj
e:\nxacs full\1 - nxacs-anticheat-source\pearl guard\uigeniesub.obj
e:\nxacs full\1 - nxacs-anticheat-source\pearl guard\uischedular.obj
e:\nxacs full\1 - nxacs-anticheat-source\pearl guard\wavefile.obj
e:\nxacs full\1 - nxacs-anticheat-source\pearl guard\collectionrace.obj
e:\nxacs full\1 - nxacs-anticheat-source\pearl guard\itemorg.obj
e:\nxacs full\1 - nxacs-anticheat-source\pearl guard\n3uiicon.obj
e:\nxacs full\1 - nxacs-anticheat-source\pearl guard\rightclickexchange.obj
e:\nxacs full\1 - nxacs-anticheat-source\pearl guard\timer.obj
e:\nxacs full\1 - nxacs-anticheat-source\pearl guard\uihpbar.obj
e:\nxacs full\1 - nxacs-anticheat-source\pearl guard\uiseedhelper.obj
e:\nxacs full\1 - nxacs-anticheat-source\pearl guard\crc32.obj
e:\nxacs full\1 - nxacs-anticheat-source\pearl guard\heventshowlist.obj
e:\nxacs full\1 - nxacs-anticheat-source\pearl guard\sha1.obj
e:\nxacs full\1 - nxacs-anticheat-source\pearl guard\hookskillpage.obj
e:\nxacs full\1 - nxacs-anticheat-source\pearl guard\uidailyquests.obj
e:\nxacs full\1 - nxacs-anticheat-source\pearl guard\uipmhook.obj
e:\nxacs full\1 - nxacs-anticheat-source\pearl guard\uitradeprice.obj
e:\nxacs full\1 - nxacs-anticheat-source\pearl guard\castlesiegewar.obj
e:\nxacs full\1 - nxacs-anticheat-source\pearl guard\hpowerupstore.obj
e:\nxacs full\1 - nxacs-anticheat-source\pearl guard\settingsmanager.obj
e:\nxacs full\1 - nxacs-anticheat-source\pearl guard\uichatbar.obj
e:\nxacs full\1 - nxacs-anticheat-source\pearl guard\uipiecechange.obj
e:\nxacs full\1 - nxacs-anticheat-source\pearl guard\uitradeitemdisplay.obj
e:\nxacs full\1 - nxacs-anticheat-source\pearl guard\discord.obj
e:\nxacs full\1 - nxacs-anticheat-source\pearl guard\localinput.obj
e:\nxacs full\1 - nxacs-anticheat-source\pearl guard\pearlgui.obj
e:\nxacs full\1 - nxacs-anticheat-source\pearl guard\uipartybbs.obj
e:\nxacs full\1 - nxacs-anticheat-source\pearl guard\uiinformationwind.obj
e:\nxacs full\1 - nxacs-anticheat-source\pearl guard\uistate.obj
e:\nxacs full\1 - nxacs-anticheat-source\pearl guard\cindirella.obj
e:\nxacs full\1 - nxacs-anticheat-source\pearl guard\hwhelloffun.obj
e:\nxacs full\1 - nxacs-anticheat-source\pearl guard\perkmenu.obj
e:\nxacs full\1 - nxacs-anticheat-source\pearl guard\uihpbarmenu.obj
e:\nxacs full\1 - nxacs-anticheat-source\pearl guard\uilogin.obj
e:\nxacs full\1 - nxacs-anticheat-source\pearl guard\uitaskbarmain.obj
e:\nxacs full\1 - nxacs-anticheat-source\pearl guard\charactertooltip.obj
e:\nxacs full\1 - nxacs-anticheat-source\pearl guard\hmerchantlist.obj
e:\nxacs full\1 - nxacs-anticheat-source\pearl guard\questcomplated.obj
e:\nxacs full\1 - nxacs-anticheat-source\pearl guard\tablemanager.obj
e:\nxacs full\1 - nxacs-anticheat-source\pearl guard\uiminimap.obj
e:\nxacs full\1 - nxacs-anticheat-source\pearl guard\uitaskbarsub.obj
e:\nxacs full\1 - nxacs-anticheat-source\pearl guard\haccountregister.obj
e:\nxacs full\1 - nxacs-anticheat-source\pearl guard\merchanteye.obj
e:\nxacs full\1 - nxacs-anticheat-source\pearl guard\n3tablebase.obj
e:\nxacs full\1 - nxacs-anticheat-source\pearl guard\playerrank.obj
e:\nxacs full\1 - nxacs-anticheat-source\pearl guard\uiclanwindow.obj
e:\nxacs full\1 - nxacs-anticheat-source\pearl guard\uinoticemsgwind.obj
e:\nxacs full\1 - nxacs-anticheat-source\pearl guard\uitradeitemdisplayspecial.obj
e:\nxacs full\1 - nxacs-anticheat-source\pearl guard\ctagchange.obj
e:\nxacs full\1 - nxacs-anticheat-source\pearl guard\juraidmountain.obj
e:\nxacs full\1 - nxacs-anticheat-source\pearl guard\playerbase.obj
e:\nxacs full\1 - nxacs-anticheat-source\pearl guard\stringhelper.obj
e:\nxacs full\1 - nxacs-anticheat-source\pearl guard\uimanager.obj
e:\nxacs full\1 - nxacs-anticheat-source\pearl guard\uitooltip.obj
e:\nxacs full\1 - nxacs-anticheat-source\pearl guard\bansystem.obj
e:\nxacs full\1 - nxacs-anticheat-source\pearl guard\hlotteryevent.obj
e:\nxacs full\1 - nxacs-anticheat-source\pearl guard\pearl engine.obj
e:\nxacs full\1 - nxacs-anticheat-source\pearl guard\uiinventory.obj
e:\nxacs full\1 - nxacs-anticheat-source\pearl guard\uitargetbar.obj
e:\nxacs full\1 - nxacs-anticheat-source\pearl guard\functionguard.obj
e:\nxacs full\1 - nxacs-anticheat-source\pearl guard\licensesystem.obj
e:\nxacs full\1 - nxacs-anticheat-source\pearl guard\rightcorner.obj
e:\nxacs full\1 - nxacs-anticheat-source\pearl guard\toprightrewaricon.obj
e:\nxacs full\1 - nxacs-anticheat-source\pearl guard\uiminimenu.obj
e:\nxacs full\1 - nxacs-anticheat-source\pearl guard\uitradeinventory.obj
e:\nxacs full\1 - nxacs-anticheat-source\pearl guard\vc143.pdb
e:\nexusko client\nexusko\nx.lib
e:\nexusko client\nexusko\nx.exp
e:\nexusko client\nexusko\nx.acs
e:\nxacs full\1 - nxacs-anticheat-source\pearl guard\nx.ilk
e:\nexusko client\nexusko\nx.map
e:\nexusko client\nexusko\nx.pdb
e:\nxacs full\1 - nxacs-anticheat-source\pearl guard\pearl guard.res
e:\nxacs full\1 - nxacs-anticheat-source\pearl guard\istirap .710f3ad0.tlog\cl.10296.write.1.tlog
e:\nxacs full\1 - nxacs-anticheat-source\pearl guard\istirap .710f3ad0.tlog\cl.command.1.tlog
e:\nxacs full\1 - nxacs-anticheat-source\pearl guard\istirap .710f3ad0.tlog\cl.items.tlog
e:\nxacs full\1 - nxacs-anticheat-source\pearl guard\istirap .710f3ad0.tlog\cl.read.1.tlog
e:\nxacs full\1 - nxacs-anticheat-source\pearl guard\istirap .710f3ad0.tlog\link.command.1.tlog
e:\nxacs full\1 - nxacs-anticheat-source\pearl guard\istirap .710f3ad0.tlog\link.read.1.tlog
e:\nxacs full\1 - nxacs-anticheat-source\pearl guard\istirap .710f3ad0.tlog\link.write.1.tlog
e:\nxacs full\1 - nxacs-anticheat-source\pearl guard\istirap .710f3ad0.tlog\link.write.2u.tlog
e:\nxacs full\1 - nxacs-anticheat-source\pearl guard\istirap .710f3ad0.tlog\rc.command.1.tlog
e:\nxacs full\1 - nxacs-anticheat-source\pearl guard\istirap .710f3ad0.tlog\rc.read.1.tlog
e:\nxacs full\1 - nxacs-anticheat-source\pearl guard\istirap .710f3ad0.tlog\rc.write.1.tlog
